<?xml version="1.0" encoding="UTF-8"?>
<!-- Generated by org.testng.reporters.JUnitReportReporter -->
<testsuite hostname="Anu" failures="0" tests="1" name="com.demo.tests.GETRequest" time="2.218" errors="0" timestamp="13 May 2018 06:31:14 GMT" skipped="0">
  <testcase classname="com.demo.tests.GETRequest" name="GetTest" time="2.218"/>
</testsuite> <!-- com.demo.tests.GETRequest -->
