<?xml version="1.0" encoding="UTF-8"?>
<!-- Generated by org.testng.reporters.JUnitReportReporter -->
<testsuite hostname="Anu" failures="0" tests="1" name="com.demo.tests.Basics" time="2.049" errors="0" timestamp="13 May 2018 06:20:50 GMT" skipped="0">
  <testcase classname="com.demo.tests.Basics" name="GetTest" time="2.049"/>
</testsuite> <!-- com.demo.tests.Basics -->
