<?xml version="1.0" encoding="UTF-8"?>
<!-- Generated by org.testng.reporters.JUnitReportReporter -->
<testsuite hostname="Anu" failures="0" tests="1" name="com.demo.tests.GetAdvanced" time="2.174" errors="0" timestamp="13 May 2018 09:52:13 GMT" skipped="0">
  <testcase classname="com.demo.tests.GetAdvanced" name="GetTest" time="2.174"/>
</testsuite> <!-- com.demo.tests.GetAdvanced -->
